d:\c\my program\fat12\fat12\debug\fat12.pch
d:\c\my program\fat12\fat12\debug\vc140.pdb
d:\c\my program\fat12\fat12\debug\vc140.idb
d:\c\my program\fat12\fat12\debug\stdafx.obj
d:\c\my program\fat12\fat12\debug\bpb.obj
d:\c\my program\fat12\fat12\debug\dirtable.obj
d:\c\my program\fat12\fat12\debug\dwhandle.obj
d:\c\my program\fat12\fat12\debug\fat.obj
d:\c\my program\fat12\fat12\debug\fat12.obj
d:\c\my program\fat12\debug\fat12.pdb
d:\c\my program\fat12\fat12\debug\fat12.tlog\cl.command.1.tlog
d:\c\my program\fat12\fat12\debug\fat12.tlog\cl.read.1.tlog
d:\c\my program\fat12\fat12\debug\fat12.tlog\cl.write.1.tlog
d:\c\my program\fat12\fat12\debug\fat12.tlog\link-cvtres.read.1.tlog
d:\c\my program\fat12\fat12\debug\fat12.tlog\link-cvtres.write.1.tlog
d:\c\my program\fat12\fat12\debug\fat12.tlog\link-rc.read.1.tlog
d:\c\my program\fat12\fat12\debug\fat12.tlog\link-rc.write.1.tlog
d:\c\my program\fat12\fat12\debug\fat12.tlog\link.command.1.tlog
d:\c\my program\fat12\fat12\debug\fat12.tlog\link.read.1.tlog
d:\c\my program\fat12\fat12\debug\fat12.tlog\link.write.1.tlog
